<?xml version="1.0" encoding="UTF-8"?>
<!-- Generated by org.testng.reporters.JUnitReportReporter -->
<testsuite hostname="DESKTOP-F7T3E9O" failures="0" tests="1" name="apitest.VerifyfailureSchema" time="0.586" errors="0" timestamp="2023-01-22T19:41:24 IST" skipped="0">
  <testcase classname="apitest.VerifyfailureSchema" name="schemaErrorTest" time="0.586"/>
  <system-out/>
</testsuite> <!-- apitest.VerifyfailureSchema -->
