<?xml version="1.0" encoding="UTF-8"?>
<!-- Generated by org.testng.reporters.JUnitReportReporter -->
<testsuite hostname="DESKTOP-F7T3E9O" failures="0" tests="1" name="apitest.VerifySuccessSchema" time="3.435" errors="0" timestamp="2023-01-20T11:57:33 IST" skipped="0">
  <testcase classname="apitest.VerifySuccessSchema" name="verifySuccessSchemaTest" time="3.435"/>
  <system-out/>
</testsuite> <!-- apitest.VerifySuccessSchema -->
